<?xml version="1.0" encoding="UTF-8"?><testsuite errors="0" failures="0" name="com.bestbuy.crudtest.ServicesCRUDTest" skipped="0" tests="3" time="21.19" timestamp="2020-06-10T13:22:06.760+01:00[Europe/London]"><testcase classname="com.bestbuy.crudtest.ServicesCRUDTest" name="This test will create a new service "/><testcase classname="com.bestbuy.crudtest.ServicesCRUDTest" name="Update the service name and verify the updated information"/><testcase classname="com.bestbuy.crudtest.ServicesCRUDTest" name="Delete the service and verify if the service is deleted"/></testsuite>