<?xml version="1.0" encoding="UTF-8"?><testsuite errors="0" failures="0" name="com.bestbuy.crudtest.CategoriesCRUDTest" skipped="0" tests="3" time="18.08" timestamp="2020-06-10T14:53:10.971+01:00[Europe/London]"><testcase classname="com.bestbuy.crudtest.CategoriesCRUDTest" name="This test will create a new category"/><testcase classname="com.bestbuy.crudtest.CategoriesCRUDTest" name="Update the category name and verify the updated information"/><testcase classname="com.bestbuy.crudtest.CategoriesCRUDTest" name="Delete the category and verify if the category is deleted"/></testsuite>