<?xml version="1.0" encoding="UTF-8"?><testsuite errors="3" failures="0" name="com.bestbuy.crudtest.ProductCRUDTest" skipped="0" tests="3" time="27.9" timestamp="2020-06-10T19:10:34.751+01:00[Europe/London]"><testcase classname="com.bestbuy.crudtest.ProductCRUDTest" name="This test will create a new product"><error type="java.lang.NullPointerException"/><system-err>null&#13;
io.restassured.internal.ValidatableResponseOptionsImpl.ifValidationFails(ValidatableResponseOptionsImpl.java:410)&#13;
io.restassured.internal.ValidatableResponseOptionsImpl.ifValidationFails(ValidatableResponseOptionsImpl.java:404)&#13;
io.restassured.internal.ValidatableResponseOptionsImpl.ifValidationFails(ValidatableResponseOptionsImpl.java:400)&#13;
com.bestbuy.steps.ProductsSteps.createProduct(ProductsSteps.java:25)&#13;
com.bestbuy.crudtest.ProductCRUDTest.test001(ProductCRUDTest.java:35)&#13;
</system-err></testcase><testcase classname="com.bestbuy.crudtest.ProductCRUDTest" name="Update the price of product and verify the updated information"><error type="java.lang.NullPointerException"/><system-err>null&#13;
io.restassured.internal.ValidatableResponseOptionsImpl.ifValidationFails(ValidatableResponseOptionsImpl.java:410)&#13;
io.restassured.internal.ValidatableResponseOptionsImpl.ifValidationFails(ValidatableResponseOptionsImpl.java:404)&#13;
io.restassured.internal.ValidatableResponseOptionsImpl.ifValidationFails(ValidatableResponseOptionsImpl.java:400)&#13;
com.bestbuy.steps.ProductsSteps.updateProduct(ProductsSteps.java:64)&#13;
com.bestbuy.crudtest.ProductCRUDTest.test002(ProductCRUDTest.java:46)&#13;
</system-err></testcase><testcase classname="com.bestbuy.crudtest.ProductCRUDTest" name="Delete the product and verify if the product is deleted"><error type="java.lang.NullPointerException"/><system-err>null&#13;
io.restassured.internal.ValidatableResponseOptionsImpl.ifValidationFails(ValidatableResponseOptionsImpl.java:410)&#13;
io.restassured.internal.ValidatableResponseOptionsImpl.ifValidationFails(ValidatableResponseOptionsImpl.java:404)&#13;
io.restassured.internal.ValidatableResponseOptionsImpl.ifValidationFails(ValidatableResponseOptionsImpl.java:400)&#13;
com.bestbuy.steps.ProductsSteps.deleteProduct(ProductsSteps.java:74)&#13;
com.bestbuy.crudtest.ProductCRUDTest.test003(ProductCRUDTest.java:57)&#13;
</system-err></testcase></testsuite>