<?xml version="1.0" encoding="UTF-8"?><testsuite errors="0" failures="0" name="com.bestbuy.crudtest.StoresCRUDTest" skipped="0" tests="3" time="19.02" timestamp="2020-06-10T13:22:46.629+01:00[Europe/London]"><testcase classname="com.bestbuy.crudtest.StoresCRUDTest" name="This test will create a new store"/><testcase classname="com.bestbuy.crudtest.StoresCRUDTest" name="Update the product name and verify the updated information"/><testcase classname="com.bestbuy.crudtest.StoresCRUDTest" name="Delete the product and verify if the product is deleted"/></testsuite>